<?xml version="1.0" encoding="UTF-8"?>
<!-- Generated by org.testng.reporters.JUnitXMLReporter -->
<testsuite ignored="6" hostname="OSIYA" failures="0" tests="3" name="Test" time="43.869" errors="0" timestamp="2023-07-24T16:28:22 IST">
  <testcase classname="testClasses.HomePage_TestClass" name="enterDetailsForBooking" time="23.221"/>
  <testcase classname="testClasses.SelectFlight_TestClass" name="selectFlights" time="0.878"/>
  <testcase classname="testClasses.ReviewPage_TestClass" name="validateDatesOnReviewPage" time="0.316"/>
  <testcase classname="testClasses.BaseClass" name="@BeforeTest beforeTest" time="0.0">
    <ignored/>
  </testcase> <!-- @BeforeTest beforeTest -->
  <testcase classname="testClasses.BaseClass" name="@AfterTest afterTest" time="0.0">
    <ignored/>
  </testcase> <!-- @AfterTest afterTest -->
  <testcase classname="testClasses.BaseClass" name="@AfterTest afterTest" time="0.0">
    <ignored/>
  </testcase> <!-- @AfterTest afterTest -->
  <testcase classname="testClasses.BaseClass" name="@AfterTest afterTest" time="0.0">
    <ignored/>
  </testcase> <!-- @AfterTest afterTest -->
  <testcase classname="testClasses.BaseClass" name="@BeforeTest beforeTest" time="0.0">
    <ignored/>
  </testcase> <!-- @BeforeTest beforeTest -->
  <testcase classname="testClasses.BaseClass" name="@BeforeTest beforeTest" time="0.0">
    <ignored/>
  </testcase> <!-- @BeforeTest beforeTest -->
</testsuite> <!-- Test -->
